<?xml version="1.0" encoding="UTF-8"?>
<testsuite xmlns:xsi="http://www.w3.org/2001/XMLSchema-instance" xsi:noNamespaceSchemaLocation="https://maven.apache.org/surefire/maven-surefire-plugin/xsd/surefire-test-report.xsd" name="RestAssuredGetAllureTest" time="1.666" tests="3" errors="0" skipped="0" failures="3">
  <properties>
[...]
</properties>
  <testcase name="checkUserName" classname="RestAssuredGetAllureTest" time="1.416">
    <failure message="1 expectation failed.&#10;JSON path data.name doesn&apos;t match.&#10;Expected: сюда впиши имя пользователя&#10;  Actual: null&#10;" type="java.lang.AssertionError">java.lang.AssertionError: 
1 expectation failed.
JSON path data.name doesn't match.
Expected: сюда впиши имя пользователя
  Actual: null

	at RestAssuredGetAllureTest.checkUserName(RestAssuredGetAllureTest.java:31)
</failure>
    <system-err><![CDATA[SLF4J: Failed to load class "org.slf4j.impl.StaticLoggerBinder".
SLF4J: Defaulting to no-operation (NOP) logger implementation
SLF4J: See http://www.slf4j.org/codes.html#StaticLoggerBinder for further details.
]]></system-err>
  </testcase>
  <testcase name="checkUserNameAndPrintResponseBody" classname="RestAssuredGetAllureTest" time="0.083">
    <failure message="1 expectation failed.&#10;JSON path data.name doesn&apos;t match.&#10;Expected: сюда впиши имя пользователя&#10;  Actual: null&#10;" type="java.lang.AssertionError">java.lang.AssertionError: 
1 expectation failed.
JSON path data.name doesn't match.
Expected: сюда впиши имя пользователя
  Actual: null

	at RestAssuredGetAllureTest.checkUserNameAndPrintResponseBody(RestAssuredGetAllureTest.java:40)
</failure>
  </testcase>
  <testcase name="getMyInfoStatusCode" classname="RestAssuredGetAllureTest" time="0.104">
    <failure message="1 expectation failed.&#10;Expected status code &lt;200&gt; but was &lt;401&gt;.&#10;" type="java.lang.AssertionError"><![CDATA[java.lang.AssertionError: 
1 expectation failed.
Expected status code <200> but was <401>.

	at RestAssuredGetAllureTest.getMyInfoStatusCode(RestAssuredGetAllureTest.java:23)
]]></failure>
  </testcase>
</testsuite>